/usr/local/rvm/rubies/ruby-2.2.4/bin/ruby -r ./siteconf20160614-9342-1mfj066.rb extconf.rb
checking for main() in -lpthread... yes
creating Makefile

make "DESTDIR=" clean

make "DESTDIR="
compiling init.cc
compiling locker.cc
compiling constants.cc
compiling rr.cc
compiling accessor.cc
compiling heap.cc
compiling exception.cc
compiling message.cc
compiling string.cc
compiling signature.cc
compiling v8.cc
compiling handles.cc
compiling array.cc
compiling context.cc
compiling date.cc
compiling constraints.cc
compiling object.cc
compiling external.cc
compiling value.cc
compiling template.cc
compiling trycatch.cc
compiling stack.cc
compiling function.cc
compiling invocation.cc
compiling backref.cc
compiling gc.cc
compiling script.cc
compiling primitive.cc
linking shared-object v8/init.so

make "DESTDIR=" install
/bin/install -c -m 0755 init.so ./.gem.20160614-9342-zasw0o/v8
